@!@!@STARTMSG 2262:0 @!@!@
TLC2 Version 2.20 of Day Month 20?? (rev: 68b6f50)
@!@!@ENDMSG 2262 @!@!@
@!@!@STARTMSG 2187:0 @!@!@
Running breadth-first search Model-Checking with fp 73 and seed -8026103852997019428 with 1 worker on 8 cores with 3641MB heap and 64MB offheap memory [pid: 14772] (Mac OS X 15.1.1 aarch64, Oracle Corporation 17.0.2 x86_64, MSBDiskFPSet, DiskStateQueue).
@!@!@ENDMSG 2187 @!@!@
@!@!@STARTMSG 2220:0 @!@!@
Starting SANY...
@!@!@ENDMSG 2220 @!@!@
Parsing file /Users/alex/Desktop/Supaero 3/Validation fonctionnelle/TLA-TP3/philosophes2.tla
Parsing file /private/var/folders/2c/y_l9lkkn1090pnxjm6y80wgc0000gn/T/tlc-5702546896787501488/Naturals.tla (jar:file:/Users/alex/.vscode/extensions/tlaplus.vscode-ide-2024.12.121422/tools/tla2tools.jar!/tla2sany/StandardModules/Naturals.tla)
Semantic processing of module Naturals
Semantic processing of module philosophes2
@!@!@STARTMSG 2219:0 @!@!@
SANY finished.
@!@!@ENDMSG 2219 @!@!@
@!@!@STARTMSG 2185:0 @!@!@
Starting... (2024-12-15 17:27:45)
@!@!@ENDMSG 2185 @!@!@
@!@!@STARTMSG 2212:0 @!@!@
Implied-temporal checking--satisfiability problem has 5 branches.
@!@!@ENDMSG 2212 @!@!@
@!@!@STARTMSG 2189:0 @!@!@
Computing initial states...
@!@!@ENDMSG 2189 @!@!@
@!@!@STARTMSG 2190:0 @!@!@
Finished computing initial states: 1 distinct state generated at 2024-12-15 17:27:45.
@!@!@ENDMSG 2190 @!@!@
@!@!@STARTMSG 2200:0 @!@!@
Progress(8) at 2024-12-15 17:27:45: 621 states generated, 152 distinct states found, 0 states left on queue.
@!@!@ENDMSG 2200 @!@!@
@!@!@STARTMSG 2192:0 @!@!@
Checking 5 branches of temporal properties for the complete state space with 760 total distinct states at (2024-12-15 17:27:45)
@!@!@ENDMSG 2192 @!@!@
@!@!@STARTMSG 2116:1 @!@!@
Temporal properties were violated.

@!@!@ENDMSG 2116 @!@!@
@!@!@STARTMSG 2264:1 @!@!@
The following behavior constitutes a counter-example:

@!@!@ENDMSG 2264 @!@!@
@!@!@STARTMSG 2217:4 @!@!@
1: <Initial predicate>
/\ state = (0 :> "T" @@ 1 :> "T" @@ 2 :> "T" @@ 3 :> "T" @@ 4 :> "T")
/\ forks = (0 :> "F" @@ 1 :> "F" @@ 2 :> "F" @@ 3 :> "F" @@ 4 :> "F")

@!@!@ENDMSG 2217 @!@!@
@!@!@STARTMSG 2217:4 @!@!@
2: <ask(4) line 44, col 3 to line 46, col 20 of module philosophes2>
/\ state = (0 :> "T" @@ 1 :> "T" @@ 2 :> "T" @@ 3 :> "T" @@ 4 :> "H")
/\ forks = (0 :> "F" @@ 1 :> "F" @@ 2 :> "F" @@ 3 :> "F" @@ 4 :> "F")

@!@!@ENDMSG 2217 @!@!@
@!@!@STARTMSG 2217:4 @!@!@
3: <ask(3) line 44, col 3 to line 46, col 20 of module philosophes2>
/\ state = (0 :> "T" @@ 1 :> "T" @@ 2 :> "T" @@ 3 :> "H" @@ 4 :> "H")
/\ forks = (0 :> "F" @@ 1 :> "F" @@ 2 :> "F" @@ 3 :> "F" @@ 4 :> "F")

@!@!@ENDMSG 2217 @!@!@
@!@!@STARTMSG 2217:4 @!@!@
4: <ask(1) line 44, col 3 to line 46, col 20 of module philosophes2>
/\ state = (0 :> "T" @@ 1 :> "H" @@ 2 :> "T" @@ 3 :> "H" @@ 4 :> "H")
/\ forks = (0 :> "F" @@ 1 :> "F" @@ 2 :> "F" @@ 3 :> "F" @@ 4 :> "F")

@!@!@ENDMSG 2217 @!@!@
@!@!@STARTMSG 2217:4 @!@!@
5: <ask(0) line 44, col 3 to line 46, col 20 of module philosophes2>
/\ state = (0 :> "H" @@ 1 :> "H" @@ 2 :> "T" @@ 3 :> "H" @@ 4 :> "H")
/\ forks = (0 :> "F" @@ 1 :> "F" @@ 2 :> "F" @@ 3 :> "F" @@ 4 :> "F")

@!@!@ENDMSG 2217 @!@!@
@!@!@STARTMSG 2217:4 @!@!@
6: <takeForks(4) line 49, col 5 to line 53, col 64 of module philosophes2>
/\ state = (0 :> "H" @@ 1 :> "H" @@ 2 :> "T" @@ 3 :> "H" @@ 4 :> "E")
/\ forks = (0 :> "F" @@ 1 :> "F" @@ 2 :> "F" @@ 3 :> "T" @@ 4 :> "T")

@!@!@ENDMSG 2217 @!@!@
@!@!@STARTMSG 2217:4 @!@!@
7: <ask(2) line 44, col 3 to line 46, col 20 of module philosophes2>
/\ state = (0 :> "H" @@ 1 :> "H" @@ 2 :> "H" @@ 3 :> "H" @@ 4 :> "E")
/\ forks = (0 :> "F" @@ 1 :> "F" @@ 2 :> "F" @@ 3 :> "T" @@ 4 :> "T")

@!@!@ENDMSG 2217 @!@!@
@!@!@STARTMSG 2217:4 @!@!@
8: <releaseForks(4) line 56, col 5 to line 58, col 46 of module philosophes2>
/\ state = (0 :> "H" @@ 1 :> "H" @@ 2 :> "H" @@ 3 :> "H" @@ 4 :> "T")
/\ forks = (0 :> "F" @@ 1 :> "F" @@ 2 :> "F" @@ 3 :> "F" @@ 4 :> "F")

@!@!@ENDMSG 2217 @!@!@
@!@!@STARTMSG 2217:4 @!@!@
9: <takeForks(1) line 49, col 5 to line 53, col 64 of module philosophes2>
/\ state = (0 :> "H" @@ 1 :> "E" @@ 2 :> "H" @@ 3 :> "H" @@ 4 :> "T")
/\ forks = (0 :> "T" @@ 1 :> "T" @@ 2 :> "F" @@ 3 :> "F" @@ 4 :> "F")

@!@!@ENDMSG 2217 @!@!@
@!@!@STARTMSG 2217:4 @!@!@
10: <releaseForks(1) line 56, col 5 to line 58, col 46 of module philosophes2>
/\ state = (0 :> "H" @@ 1 :> "T" @@ 2 :> "H" @@ 3 :> "H" @@ 4 :> "T")
/\ forks = (0 :> "F" @@ 1 :> "F" @@ 2 :> "F" @@ 3 :> "F" @@ 4 :> "F")

@!@!@ENDMSG 2217 @!@!@
@!@!@STARTMSG 2217:4 @!@!@
11: <ask(1) line 44, col 3 to line 46, col 20 of module philosophes2>
/\ state = (0 :> "H" @@ 1 :> "H" @@ 2 :> "H" @@ 3 :> "H" @@ 4 :> "T")
/\ forks = (0 :> "F" @@ 1 :> "F" @@ 2 :> "F" @@ 3 :> "F" @@ 4 :> "F")

@!@!@ENDMSG 2217 @!@!@
@!@!@STARTMSG 2217:4 @!@!@
12: <takeForks(2) line 49, col 5 to line 53, col 64 of module philosophes2>
/\ state = (0 :> "H" @@ 1 :> "H" @@ 2 :> "E" @@ 3 :> "H" @@ 4 :> "T")
/\ forks = (0 :> "F" @@ 1 :> "T" @@ 2 :> "T" @@ 3 :> "F" @@ 4 :> "F")

@!@!@ENDMSG 2217 @!@!@
@!@!@STARTMSG 2217:4 @!@!@
13: <ask(4) line 44, col 3 to line 46, col 20 of module philosophes2>
/\ state = (0 :> "H" @@ 1 :> "H" @@ 2 :> "E" @@ 3 :> "H" @@ 4 :> "H")
/\ forks = (0 :> "F" @@ 1 :> "T" @@ 2 :> "T" @@ 3 :> "F" @@ 4 :> "F")

@!@!@ENDMSG 2217 @!@!@
@!@!@STARTMSG 2217:4 @!@!@
14: <takeForks(4) line 49, col 5 to line 53, col 64 of module philosophes2>
/\ state = (0 :> "H" @@ 1 :> "H" @@ 2 :> "E" @@ 3 :> "H" @@ 4 :> "E")
/\ forks = (0 :> "F" @@ 1 :> "T" @@ 2 :> "T" @@ 3 :> "T" @@ 4 :> "T")

@!@!@ENDMSG 2217 @!@!@
@!@!@STARTMSG 2122:4 @!@!@
6: Back to state: <releaseForks(2) line 56, col 5 to line 58, col 46 of module philosophes2>

@!@!@ENDMSG 2122 @!@!@
@!@!@STARTMSG 2267:0 @!@!@
Finished checking temporal properties in 00s at 2024-12-15 17:27:45
@!@!@ENDMSG 2267 @!@!@
@!@!@STARTMSG 2200:0 @!@!@
Progress(8) at 2024-12-15 17:27:45: 621 states generated (64,130 s/min), 152 distinct states found (15,697 ds/min), 0 states left on queue.
@!@!@ENDMSG 2200 @!@!@
@!@!@STARTMSG 2199:0 @!@!@
621 states generated, 152 distinct states found, 0 states left on queue.
@!@!@ENDMSG 2199 @!@!@
@!@!@STARTMSG 2194:0 @!@!@
The depth of the complete state graph search is 8.
@!@!@ENDMSG 2194 @!@!@
@!@!@STARTMSG 2186:0 @!@!@
Finished in 587ms at (2024-12-15 17:27:45)
@!@!@ENDMSG 2186 @!@!@
